<?xml version="1.0" encoding="UTF-8"?>
<!-- Generated by org.testng.reporters.JUnitReportReporter -->
<testsuite hostname="AGI-LT-2202" failures="0" tests="1" name="ArisGlobalB3.Mavenproject1.Demomaven1" time="7.695" errors="0" timestamp="2021-11-06T18:05:57 IST" skipped="0">
  <testcase classname="ArisGlobalB3.Mavenproject1.Demomaven1" name="linkedin" time="7.695"/>
  <system-out/>
</testsuite> <!-- ArisGlobalB3.Mavenproject1.Demomaven1 -->
