<?xml version="1.0" encoding="UTF-8"?>
<!-- Generated by org.testng.reporters.JUnitReportReporter -->
<testsuite hostname="AGI-LT-2202" failures="0" tests="1" name="Google.Googletestcase" time="13.414" errors="0" timestamp="2021-11-07T09:04:20 IST" skipped="0">
  <testcase classname="Google.Googletestcase" name="TS001" time="13.414"/>
  <system-out/>
</testsuite> <!-- Google.Googletestcase -->
