<?xml version="1.0" encoding="UTF-8"?>
<!-- Generated by org.testng.reporters.JUnitReportReporter -->
<testsuite hostname="AGI-LT-2202" failures="0" tests="1" name="ArisGlobalB3.Mavenproject1.Demomaven2" time="1.234" errors="0" timestamp="2021-11-04T13:06:47 IST" skipped="0">
  <testcase classname="ArisGlobalB3.Mavenproject1.Demomaven2" name="linkdin" time="1.234"/>
  <system-out/>
</testsuite> <!-- ArisGlobalB3.Mavenproject1.Demomaven2 -->
