<?xml version="1.0" encoding="UTF-8"?>
<!-- Generated by org.testng.reporters.JUnitReportReporter -->
<testsuite hostname="AGI-LT-2202" failures="0" tests="1" name="ArisGlobalB3.Mavenproject1.Demomaven2" time="8.730" errors="0" timestamp="2021-11-06T18:05:57 IST" skipped="0">
  <testcase classname="ArisGlobalB3.Mavenproject1.Demomaven2" name="linkdin" time="8.730"/>
  <system-out/>
</testsuite> <!-- ArisGlobalB3.Mavenproject1.Demomaven2 -->
